<?xml version="1.0" encoding="UTF-8"?>
<!-- Generated by org.testng.reporters.JUnitReportReporter -->
<testsuite hostname="SRIJIT-PC" failures="0" tests="1" name="com.herokuapp.restfulbooker.DeleteBookingTests" time="5.548" errors="0" timestamp="2025-04-10T23:52:57 IST" skipped="0">
  <testcase classname="com.herokuapp.restfulbooker.DeleteBookingTests" name="deleteBookingTest" time="5.548"/>
</testsuite> <!-- com.herokuapp.restfulbooker.DeleteBookingTests -->
