<?xml version="1.0" encoding="UTF-8"?>
<!-- Generated by org.testng.reporters.JUnitReportReporter -->
<testsuite hostname="SRIJIT-PC" failures="0" tests="1" name="com.herokuapp.restfulbooker.PartialUpdateBookingTests" time="4.157" errors="0" timestamp="2025-04-10T23:48:37 IST" skipped="0">
  <testcase classname="com.herokuapp.restfulbooker.PartialUpdateBookingTests" name="partialUpdateBookingTest" time="4.157"/>
</testsuite> <!-- com.herokuapp.restfulbooker.PartialUpdateBookingTests -->
