<?xml version="1.0" encoding="UTF-8"?>
<!-- Generated by org.testng.reporters.JUnitReportReporter -->
<testsuite hostname="SRIJIT-PC" failures="0" tests="2" name="com.herokuapp.restfulbooker.GetBookingTest" time="4.335" errors="0" timestamp="2025-04-14T19:14:14 IST" skipped="1">
  <testcase classname="com.herokuapp.restfulbooker.GetBookingTest" name="getBookingXMLTest" time="4.335"/>
  <testcase classname="com.herokuapp.restfulbooker.GetBookingTest" name="getBookingTest">
    <skipped/>
  </testcase> <!-- getBookingTest -->
</testsuite> <!-- com.herokuapp.restfulbooker.GetBookingTest -->
