<?xml version="1.0" encoding="UTF-8"?>
<!-- Generated by org.testng.reporters.JUnitReportReporter -->
<testsuite hostname="SRIJIT-PC" failures="0" tests="3" name="com.herokuapp.restfulbooker.CreateBookingTests" time="2.551" errors="0" timestamp="2025-04-15T22:06:53 IST" skipped="2">
  <testcase classname="com.herokuapp.restfulbooker.CreateBookingTests" name="createBookingWithPOJOandDeserialTest" time="2.551"/>
  <testcase classname="com.herokuapp.restfulbooker.CreateBookingTests" name="createBookingWithPOJOTest">
    <skipped/>
  </testcase> <!-- createBookingWithPOJOTest -->
  <testcase classname="com.herokuapp.restfulbooker.CreateBookingTests" name="createBookingTest">
    <skipped/>
  </testcase> <!-- createBookingTest -->
</testsuite> <!-- com.herokuapp.restfulbooker.CreateBookingTests -->
