<?xml version="1.0" encoding="UTF-8"?>
<!-- Generated by org.testng.reporters.JUnitReportReporter -->
<testsuite hostname="SRIJIT-PC" failures="0" tests="2" name="com.herokuapp.restfulbooker.GetBookingIDsTest" time="4.881" errors="0" timestamp="2025-04-14T19:14:26 IST" skipped="0">
  <testcase classname="com.herokuapp.restfulbooker.GetBookingIDsTest" name="getBookingIdsWithoutFilter" time="1.697"/>
  <testcase classname="com.herokuapp.restfulbooker.GetBookingIDsTest" name="getBookingIdsWithFilter" time="3.184"/>
</testsuite> <!-- com.herokuapp.restfulbooker.GetBookingIDsTest -->
