<?xml version="1.0" encoding="UTF-8"?>
<!-- Generated by org.testng.reporters.JUnitReportReporter -->
<testsuite hostname="SRIJIT-PC" failures="0" tests="3" name="com.herokuapp.restfulbooker.HealthCheckTest" time="4.813" errors="0" timestamp="2025-04-14T19:16:58 IST" skipped="0">
  <testcase classname="com.herokuapp.restfulbooker.HealthCheckTest" name="headersAndCookiesTest" time="1.517"/>
  <testcase classname="com.herokuapp.restfulbooker.HealthCheckTest" name="healthCheckTest" time="1.296"/>
  <testcase classname="com.herokuapp.restfulbooker.HealthCheckTest" name="createHeadersAndCookiesTest" time="2.000"/>
</testsuite> <!-- com.herokuapp.restfulbooker.HealthCheckTest -->
