<?xml version="1.0" encoding="UTF-8"?>
<!-- Generated by org.testng.reporters.JUnitReportReporter -->
<testsuite hostname="SRIJIT-PC" failures="0" tests="1" name="com.herokuapp.restfulbooker.UpdateBookingTests" time="4.350" errors="0" timestamp="2025-04-15T20:59:07 IST" skipped="0">
  <testcase classname="com.herokuapp.restfulbooker.UpdateBookingTests" name="updateBookingTest" time="4.350"/>
</testsuite> <!-- com.herokuapp.restfulbooker.UpdateBookingTests -->
